<?xml version="1.0" encoding="UTF-8"?>
<!-- Generated by org.testng.reporters.JUnitXMLReporter -->
<testsuite ignored="3" hostname="Shruthi" failures="1" tests="6" name="Test" time="58.886" errors="0" timestamp="11 Apr 2023 18:02:40 GMT">
  <testcase classname="tests.loginTest" name="LoginTest_TC01" time="1.877"/>
  <testcase classname="tests.loginTest" name="LoginTest_TC02" time="6.34"/>
  <testcase classname="tests.loginTest" name="LoginTest_TC4A" time="1.436"/>
  <testcase classname="tests.loginTest" name="LoginTest_TC4B" time="15.314"/>
  <testcase classname="tests.loginTest" name="loginTest_TC03" time="12.127">
    <failure type="java.lang.AssertionError" message="Failed to Logout  expected [true] but found [false]">
      <![CDATA[java.lang.AssertionError: Failed to Logout  expected [true] but found [false]
	at tests.loginTest.loginTest_TC03(loginTest.java:85)
... Removed 28 stack frames]]>
    </failure>
  </testcase> <!-- loginTest_TC03 -->
  <testcase classname="tests.userMenuTest" name="userMenu_TC08" time="10.238"/>
  <testcase classname="tests.baseTest" name="@AfterSuite tearDown" time="0.0">
    <ignored/>
  </testcase> <!-- @AfterSuite tearDown -->
  <testcase classname="tests.baseTest" name="@BeforeSuite setup" time="0.0">
    <ignored/>
  </testcase> <!-- @BeforeSuite setup -->
  <testcase classname="tests.userMenuTest" name="userMenu_TC05" time="0.0">
    <ignored/>
  </testcase> <!-- userMenu_TC05 -->
</testsuite> <!-- Test -->
